0 info it worked if it ends with ok
1 verbose cli [ '/usr/local/bin/node', '/usr/local/bin/npm', 'run', 'dev' ]
2 info using npm@3.10.10
3 info using node@v6.11.1
4 verbose run-script [ 'predev', 'dev', 'postdev' ]
5 info lifecycle vue2@~predev: vue2@
6 silly lifecycle vue2@~predev: no script for predev, continuing
7 info lifecycle vue2@~dev: vue2@
8 verbose lifecycle vue2@~dev: unsafe-perm in lifecycle true
9 verbose lifecycle vue2@~dev: PATH: /usr/local/lib/node_modules/npm/bin/node-gyp-bin:/Users/cseibert/Workspace/codefire/node_modules/.bin:/usr/local/bin:/usr/bin:/bin:/usr/sbin:/sbin:/usr/local/MacGPG2/bin:/Library/Frameworks/Mono.framework/Versions/Current/Commands
10 verbose lifecycle vue2@~dev: CWD: /Users/cseibert/Workspace/codefire
11 silly lifecycle vue2@~dev: Args: [ '-c', 'webpack-dev-server --open --inline --hot' ]
12 silly lifecycle vue2@~dev: Returned: code: 1  signal: null
13 info lifecycle vue2@~dev: Failed to exec dev script
14 verbose stack Error: vue2@ dev: `webpack-dev-server --open --inline --hot`
14 verbose stack Exit status 1
14 verbose stack     at EventEmitter.<anonymous> (/usr/local/lib/node_modules/npm/lib/utils/lifecycle.js:255:16)
14 verbose stack     at emitTwo (events.js:106:13)
14 verbose stack     at EventEmitter.emit (events.js:191:7)
14 verbose stack     at ChildProcess.<anonymous> (/usr/local/lib/node_modules/npm/lib/utils/spawn.js:40:14)
14 verbose stack     at emitTwo (events.js:106:13)
14 verbose stack     at ChildProcess.emit (events.js:191:7)
14 verbose stack     at maybeClose (internal/child_process.js:891:16)
14 verbose stack     at Process.ChildProcess._handle.onexit (internal/child_process.js:226:5)
15 verbose pkgid vue2@
16 verbose cwd /Users/cseibert/Workspace/codefire
17 error Darwin 16.5.0
18 error argv "/usr/local/bin/node" "/usr/local/bin/npm" "run" "dev"
19 error node v6.11.1
20 error npm  v3.10.10
21 error code ELIFECYCLE
22 error vue2@ dev: `webpack-dev-server --open --inline --hot`
22 error Exit status 1
23 error Failed at the vue2@ dev script 'webpack-dev-server --open --inline --hot'.
23 error Make sure you have the latest version of node.js and npm installed.
23 error If you do, this is most likely a problem with the vue2 package,
23 error not with npm itself.
23 error Tell the author that this fails on your system:
23 error     webpack-dev-server --open --inline --hot
23 error You can get information on how to open an issue for this project with:
23 error     npm bugs vue2
23 error Or if that isn't available, you can get their info via:
23 error     npm owner ls vue2
23 error There is likely additional logging output above.
24 verbose exit [ 1, true ]
